# JRE version: Java(TM) SE Runtime Environment 18.9 (11.0.7+8) (build 11.0.7+8-LTS)
# Java VM: Java HotSpot(TM) 64-Bit Server VM 18.9 (11.0.7+8-LTS, mixed mode, tiered, compressed oops, g1 gc, windows-amd64)
Heap:
 garbage-first heap   total 262144K, used 25367K [0x0000000700c00000, 0x0000000800000000)
  region size 1024K, 19 young (19456K), 13 survivors (13312K)
 Metaspace       used 46493K, capacity 48165K, committed 48384K, reserved 1091584K
  class space    used 5712K, capacity 6385K, committed 6400K, reserved 1048576K
GC Heap History (10 events):
Event: 0.881 GC heap before
{Heap before GC invocations=1 (full 0):
 garbage-first heap   total 262144K, used 25241K [0x0000000700c00000, 0x0000000800000000)
  region size 1024K, 21 young (21504K), 3 survivors (3072K)
 Metaspace       used 15387K, capacity 15868K, committed 16000K, reserved 1062912K
  class space    used 1616K, capacity 1823K, committed 1920K, reserved 1048576K
}
Event: 0.883 GC heap after
{Heap after GC invocations=2 (full 0):
 garbage-first heap   total 262144K, used 7426K [0x0000000700c00000, 0x0000000800000000)
  region size 1024K, 1 young (1024K), 1 survivors (1024K)
 Metaspace       used 15387K, capacity 15868K, committed 16000K, reserved 1062912K
  class space    used 1616K, capacity 1823K, committed 1920K, reserved 1048576K
}
Event: 1.186 GC heap before
{Heap before GC invocations=2 (full 0):
 garbage-first heap   total 262144K, used 35074K [0x0000000700c00000, 0x0000000800000000)
  region size 1024K, 29 young (29696K), 1 survivors (1024K)
 Metaspace       used 20381K, capacity 21059K, committed 21248K, reserved 1069056K
  class space    used 2276K, capacity 2541K, committed 2560K, reserved 1048576K
}
Event: 1.188 GC heap after
{Heap after GC invocations=3 (full 0):
 garbage-first heap   total 262144K, used 8623K [0x0000000700c00000, 0x0000000800000000)
  region size 1024K, 2 young (2048K), 2 survivors (2048K)
 Metaspace       used 20381K, capacity 21059K, committed 21248K, reserved 1069056K
  class space    used 2276K, capacity 2541K, committed 2560K, reserved 1048576K
}
Event: 1.660 GC heap before
{Heap before GC invocations=4 (full 0):
 garbage-first heap   total 262144K, used 59823K [0x0000000700c00000, 0x0000000800000000)
  region size 1024K, 52 young (53248K), 2 survivors (2048K)
 Metaspace       used 29332K, capacity 30248K, committed 30464K, reserved 1075200K
  class space    used 3422K, capacity 3797K, committed 3840K, reserved 1048576K
}
Event: 1.664 GC heap after
{Heap after GC invocations=5 (full 0):
 garbage-first heap   total 262144K, used 10675K [0x0000000700c00000, 0x0000000800000000)
  region size 1024K, 4 young (4096K), 4 survivors (4096K)
 Metaspace       used 29332K, capacity 30248K, committed 30464K, reserved 1075200K
  class space    used 3422K, capacity 3797K, committed 3840K, reserved 1048576K
}
Event: 2.332 GC heap before
{Heap before GC invocations=5 (full 0):
 garbage-first heap   total 262144K, used 61875K [0x0000000700c00000, 0x0000000800000000)
  region size 1024K, 55 young (56320K), 4 survivors (4096K)
 Metaspace       used 34370K, capacity 35454K, committed 35584K, reserved 1081344K
  class space    used 4044K, capacity 4489K, committed 4608K, reserved 1048576K
}
Event: 2.338 GC heap after
{Heap after GC invocations=6 (full 0):
 garbage-first heap   total 262144K, used 13174K [0x0000000700c00000, 0x0000000800000000)
  region size 1024K, 7 young (7168K), 7 survivors (7168K)
 Metaspace       used 34370K, capacity 35454K, committed 35584K, reserved 1081344K
  class space    used 4044K, capacity 4489K, committed 4608K, reserved 1048576K
}
Event: 3.779 GC heap before
{Heap before GC invocations=7 (full 0):
 garbage-first heap   total 262144K, used 111478K [0x0000000700c00000, 0x0000000800000000)
  region size 1024K, 103 young (105472K), 7 survivors (7168K)
 Metaspace       used 46378K, capacity 47995K, committed 48128K, reserved 1091584K
  class space    used 5699K, capacity 6350K, committed 6400K, reserved 1048576K
}
Event: 3.790 GC heap after
{Heap after GC invocations=8 (full 0):
 garbage-first heap   total 262144K, used 20247K [0x0000000700c00000, 0x0000000800000000)
  region size 1024K, 13 young (13312K), 13 survivors (13312K)
 Metaspace       used 46378K, capacity 47995K, committed 48128K, reserved 1091584K
  class space    used 5699K, capacity 6350K, committed 6400K, reserved 1048576K
}

